Started GET "/articles/new" for ::1 at 2020-07-12 13:19:22 +0300
  [1m[35m (2.5ms)[0m  [1m[34mSELECT sqlite_version(*)[0m
  
ActionController::RoutingError (No route matches [GET] "/articles/new"):
  
actionpack (6.0.3.2) lib/action_dispatch/middleware/debug_exceptions.rb:36:in `call'
web-console (4.0.3) lib/web_console/middleware.rb:132:in `call_app'
web-console (4.0.3) lib/web_console/middleware.rb:28:in `block in call'
web-console (4.0.3) lib/web_console/middleware.rb:17:in `catch'
web-console (4.0.3) lib/web_console/middleware.rb:17:in `call'
actionpack (6.0.3.2) lib/action_dispatch/middleware/show_exceptions.rb:33:in `call'
railties (6.0.3.2) lib/rails/rack/logger.rb:37:in `call_app'
railties (6.0.3.2) lib/rails/rack/logger.rb:26:in `block in call'
activesupport (6.0.3.2) lib/active_support/tagged_logging.rb:80:in `block in tagged'
activesupport (6.0.3.2) lib/active_support/tagged_logging.rb:28:in `tagged'
activesupport (6.0.3.2) lib/active_support/tagged_logging.rb:80:in `tagged'
railties (6.0.3.2) lib/rails/rack/logger.rb:26:in `call'
sprockets-rails (3.2.1) lib/sprockets/rails/quiet_assets.rb:13:in `call'
actionpack (6.0.3.2) lib/action_dispatch/middleware/remote_ip.rb:81:in `call'
actionpack (6.0.3.2) lib/action_dispatch/middleware/request_id.rb:27:in `call'
rack (2.2.3) lib/rack/method_override.rb:24:in `call'
rack (2.2.3) lib/rack/runtime.rb:22:in `call'
activesupport (6.0.3.2) lib/active_support/cache/strategy/local_cache_middleware.rb:29:in `call'
actionpack (6.0.3.2) lib/action_dispatch/middleware/executor.rb:14:in `call'
actionpack (6.0.3.2) lib/action_dispatch/middleware/static.rb:126:in `call'
rack (2.2.3) lib/rack/sendfile.rb:110:in `call'
actionpack (6.0.3.2) lib/action_dispatch/middleware/host_authorization.rb:82:in `call'
webpacker (4.2.2) lib/webpacker/dev_server_proxy.rb:23:in `perform_request'
rack-proxy (0.6.5) lib/rack/proxy.rb:57:in `call'
railties (6.0.3.2) lib/rails/engine.rb:527:in `call'
puma (4.3.5) lib/puma/configuration.rb:228:in `call'
puma (4.3.5) lib/puma/server.rb:713:in `handle_request'
puma (4.3.5) lib/puma/server.rb:472:in `process_client'
puma (4.3.5) lib/puma/server.rb:328:in `block in run'
puma (4.3.5) lib/puma/thread_pool.rb:134:in `block in spawn_thread'
Started GET "/" for ::1 at 2020-07-12 13:19:25 +0300
Processing by Rails::WelcomeController#index as HTML
  Rendering C:/Ruby27-x64/lib/ruby/gems/2.7.0/gems/railties-6.0.3.2/lib/rails/templates/rails/welcome/index.html.erb
  Rendered C:/Ruby27-x64/lib/ruby/gems/2.7.0/gems/railties-6.0.3.2/lib/rails/templates/rails/welcome/index.html.erb (Duration: 8.8ms | Allocations: 183)
Completed 200 OK in 11ms (Views: 9.5ms | ActiveRecord: 0.0ms | Allocations: 973)


Started GET "/" for ::1 at 2020-07-12 13:23:19 +0300
  [1m[35m (0.1ms)[0m  [1m[34mSELECT sqlite_version(*)[0m
Processing by ApplicationController#hello as HTML
Completed 500 Internal Server Error in 2ms (ActiveRecord: 0.0ms | Allocations: 1233)


  
ActionView::MissingTemplate (Missing template application/hello with {:locale=>[:en], :formats=>[:html], :variants=>[], :handlers=>[:raw, :erb, :html, :builder, :ruby, :jbuilder]}. Searched in:
  * "C:/Sites/workspace/app/views"
  * "C:/Ruby27-x64/lib/ruby/gems/2.7.0/gems/actiontext-6.0.3.2/app/views"
  * "C:/Ruby27-x64/lib/ruby/gems/2.7.0/gems/actionmailbox-6.0.3.2/app/views"
):
  
app/controllers/application_controller.rb:7:in `hello'
Started GET "/" for ::1 at 2020-07-12 13:23:49 +0300
Processing by ApplicationController#hello as HTML
Completed 500 Internal Server Error in 1ms (ActiveRecord: 0.0ms | Allocations: 725)


  
ActionView::MissingTemplate (Missing template application/hello with {:locale=>[:en], :formats=>[:html], :variants=>[], :handlers=>[:raw, :erb, :html, :builder, :ruby, :jbuilder]}. Searched in:
  * "C:/Sites/workspace/app/views"
  * "C:/Ruby27-x64/lib/ruby/gems/2.7.0/gems/actiontext-6.0.3.2/app/views"
  * "C:/Ruby27-x64/lib/ruby/gems/2.7.0/gems/actionmailbox-6.0.3.2/app/views"
):
  
app/controllers/application_controller.rb:7:in `hello'
Started GET "/" for ::1 at 2020-07-12 13:25:00 +0300
Processing by ApplicationController#hello as HTML
Completed 500 Internal Server Error in 1ms (ActiveRecord: 0.0ms | Allocations: 725)


  
ActionView::MissingTemplate (Missing template application/hello with {:locale=>[:en], :formats=>[:html], :variants=>[], :handlers=>[:raw, :erb, :html, :builder, :ruby, :jbuilder]}. Searched in:
  * "C:/Sites/workspace/app/views"
  * "C:/Ruby27-x64/lib/ruby/gems/2.7.0/gems/actiontext-6.0.3.2/app/views"
  * "C:/Ruby27-x64/lib/ruby/gems/2.7.0/gems/actionmailbox-6.0.3.2/app/views"
):
  
app/controllers/application_controller.rb:7:in `hello'
Started GET "/" for ::1 at 2020-07-12 13:38:57 +0300
  [1m[35m (0.1ms)[0m  [1m[34mSELECT sqlite_version(*)[0m
Processing by ApplicationController#hello as HTML
Completed 500 Internal Server Error in 1ms (ActiveRecord: 0.0ms | Allocations: 725)


  
ActionView::MissingTemplate (Missing template application/hello with {:locale=>[:en], :formats=>[:html], :variants=>[], :handlers=>[:raw, :erb, :html, :builder, :ruby, :jbuilder]}. Searched in:
  * "C:/Sites/workspace/app/views"
  * "C:/Ruby27-x64/lib/ruby/gems/2.7.0/gems/actiontext-6.0.3.2/app/views"
  * "C:/Ruby27-x64/lib/ruby/gems/2.7.0/gems/actionmailbox-6.0.3.2/app/views"
):
  
app/controllers/application_controller.rb:7:in `hello'
Started GET "/" for ::1 at 2020-07-12 13:40:58 +0300
  [1m[35m (0.1ms)[0m  [1m[34mSELECT sqlite_version(*)[0m
Processing by ApplicationController#hello as HTML
Completed 500 Internal Server Error in 1ms (ActiveRecord: 0.0ms | Allocations: 917)


  
ActionView::MissingTemplate (Missing template application/hello with {:locale=>[:en], :formats=>[:html], :variants=>[], :handlers=>[:raw, :erb, :html, :builder, :ruby, :jbuilder]}. Searched in:
  * "C:/Sites/workspace/app/views"
  * "C:/Ruby27-x64/lib/ruby/gems/2.7.0/gems/actiontext-6.0.3.2/app/views"
  * "C:/Ruby27-x64/lib/ruby/gems/2.7.0/gems/actionmailbox-6.0.3.2/app/views"
):
  
app/controllers/application_controller.rb:7:in `hello'
Started GET "/" for ::1 at 2020-07-12 13:41:07 +0300
  [1m[35m (0.1ms)[0m  [1m[34mSELECT sqlite_version(*)[0m
Processing by ApplicationController#hello as HTML
Completed 500 Internal Server Error in 1ms (ActiveRecord: 0.0ms | Allocations: 917)


  
ActionView::MissingTemplate (Missing template application/hello with {:locale=>[:en], :formats=>[:html], :variants=>[], :handlers=>[:raw, :erb, :html, :builder, :ruby, :jbuilder]}. Searched in:
  * "C:/Sites/workspace/app/views"
  * "C:/Ruby27-x64/lib/ruby/gems/2.7.0/gems/actiontext-6.0.3.2/app/views"
  * "C:/Ruby27-x64/lib/ruby/gems/2.7.0/gems/actionmailbox-6.0.3.2/app/views"
):
  
app/controllers/application_controller.rb:7:in `hello'
Started GET "/" for ::1 at 2020-07-12 14:34:30 +0300
  [1m[35m (0.1ms)[0m  [1m[34mSELECT sqlite_version(*)[0m
Processing by ApplicationController#hello as HTML
  Rendering text template
  Rendered text template (Duration: 0.0ms | Allocations: 1)
Completed 200 OK in 4ms (Views: 3.1ms | ActiveRecord: 0.0ms | Allocations: 611)


Started GET "/" for ::1 at 2020-07-12 14:34:54 +0300
  [1m[35m (0.1ms)[0m  [1m[34mSELECT sqlite_version(*)[0m
Processing by ApplicationController#hello as HTML
Completed 500 Internal Server Error in 1ms (ActiveRecord: 0.0ms | Allocations: 930)


  
ActionView::MissingTemplate (Missing template application/hello with {:locale=>[:en], :formats=>[:html], :variants=>[], :handlers=>[:raw, :erb, :html, :builder, :ruby, :jbuilder]}. Searched in:
  * "C:/Sites/workspace/app/views"
  * "C:/Ruby27-x64/lib/ruby/gems/2.7.0/gems/actiontext-6.0.3.2/app/views"
  * "C:/Ruby27-x64/lib/ruby/gems/2.7.0/gems/actionmailbox-6.0.3.2/app/views"
):
  
app/controllers/application_controller.rb:7:in `hello'
Started GET "/" for ::1 at 2020-07-12 14:35:15 +0300
  [1m[35m (0.1ms)[0m  [1m[34mSELECT sqlite_version(*)[0m
Processing by ApplicationController#hello as HTML
Completed 500 Internal Server Error in 1ms (ActiveRecord: 0.0ms | Allocations: 930)


  
ActionView::MissingTemplate (Missing template application/hello with {:locale=>[:en], :formats=>[:html], :variants=>[], :handlers=>[:raw, :erb, :html, :builder, :ruby, :jbuilder]}. Searched in:
  * "C:/Sites/workspace/app/views"
  * "C:/Ruby27-x64/lib/ruby/gems/2.7.0/gems/actiontext-6.0.3.2/app/views"
  * "C:/Ruby27-x64/lib/ruby/gems/2.7.0/gems/actionmailbox-6.0.3.2/app/views"
):
  
app/controllers/application_controller.rb:7:in `hello'
Started GET "/" for ::1 at 2020-07-12 14:35:22 +0300
  [1m[35m (0.1ms)[0m  [1m[34mSELECT sqlite_version(*)[0m
Processing by ApplicationController#hello as HTML
Completed 500 Internal Server Error in 1ms (ActiveRecord: 0.0ms | Allocations: 931)


  
ActionView::MissingTemplate (Missing template application/hello with {:locale=>[:en], :formats=>[:html], :variants=>[], :handlers=>[:raw, :erb, :html, :builder, :ruby, :jbuilder]}. Searched in:
  * "C:/Sites/workspace/app/views"
  * "C:/Ruby27-x64/lib/ruby/gems/2.7.0/gems/actiontext-6.0.3.2/app/views"
  * "C:/Ruby27-x64/lib/ruby/gems/2.7.0/gems/actionmailbox-6.0.3.2/app/views"
):
  
app/controllers/application_controller.rb:7:in `hello'
Started GET "/" for ::1 at 2020-07-12 14:35:33 +0300
  [1m[35m (0.1ms)[0m  [1m[34mSELECT sqlite_version(*)[0m
Processing by ApplicationController#hello as HTML
Completed 500 Internal Server Error in 1ms (ActiveRecord: 0.0ms | Allocations: 918)


  
ActionView::MissingTemplate (Missing template application/hello with {:locale=>[:en], :formats=>[:html], :variants=>[], :handlers=>[:raw, :erb, :html, :builder, :ruby, :jbuilder]}. Searched in:
  * "C:/Sites/workspace/app/views"
  * "C:/Ruby27-x64/lib/ruby/gems/2.7.0/gems/actiontext-6.0.3.2/app/views"
  * "C:/Ruby27-x64/lib/ruby/gems/2.7.0/gems/actionmailbox-6.0.3.2/app/views"
):
  
app/controllers/application_controller.rb:7:in `hello'
Started GET "/" for ::1 at 2020-07-12 14:35:43 +0300
  [1m[35m (0.1ms)[0m  [1m[34mSELECT sqlite_version(*)[0m
Processing by ApplicationController#hello as HTML
  Rendering text template
  Rendered text template (Duration: 0.0ms | Allocations: 1)
Completed 200 OK in 2ms (Views: 1.6ms | ActiveRecord: 0.0ms | Allocations: 471)


Started GET "/" for ::1 at 2020-07-12 14:36:02 +0300
  [1m[35m (0.1ms)[0m  [1m[34mSELECT sqlite_version(*)[0m
Processing by ApplicationController#hello as HTML
  Rendering text template
  Rendered text template (Duration: 0.0ms | Allocations: 1)
Completed 200 OK in 1ms (Views: 0.9ms | ActiveRecord: 0.0ms | Allocations: 471)


Started GET "/" for ::1 at 2020-07-12 14:37:19 +0300
  [1m[35m (0.1ms)[0m  [1m[34mSELECT sqlite_version(*)[0m
  Rendering text template
  Rendered text template (Duration: 0.0ms | Allocations: 1)
  
AbstractController::ActionNotFound (The action 'hello' could not be found for ApplicationController):
  
actionpack (6.0.3.2) lib/abstract_controller/base.rb:131:in `process'
actionview (6.0.3.2) lib/action_view/rendering.rb:39:in `process'
actionpack (6.0.3.2) lib/action_controller/metal.rb:190:in `dispatch'
actionpack (6.0.3.2) lib/action_controller/metal.rb:254:in `dispatch'
actionpack (6.0.3.2) lib/action_dispatch/routing/route_set.rb:50:in `dispatch'
actionpack (6.0.3.2) lib/action_dispatch/routing/route_set.rb:33:in `serve'
actionpack (6.0.3.2) lib/action_dispatch/journey/router.rb:49:in `block in serve'
actionpack (6.0.3.2) lib/action_dispatch/journey/router.rb:32:in `each'
actionpack (6.0.3.2) lib/action_dispatch/journey/router.rb:32:in `serve'
actionpack (6.0.3.2) lib/action_dispatch/routing/route_set.rb:834:in `call'
rack (2.2.3) lib/rack/tempfile_reaper.rb:15:in `call'
rack (2.2.3) lib/rack/etag.rb:27:in `call'
rack (2.2.3) lib/rack/conditional_get.rb:27:in `call'
rack (2.2.3) lib/rack/head.rb:12:in `call'
actionpack (6.0.3.2) lib/action_dispatch/http/content_security_policy.rb:18:in `call'
rack (2.2.3) lib/rack/session/abstract/id.rb:266:in `context'
rack (2.2.3) lib/rack/session/abstract/id.rb:260:in `call'
actionpack (6.0.3.2) lib/action_dispatch/middleware/cookies.rb:648:in `call'
activerecord (6.0.3.2) lib/active_record/migration.rb:567:in `call'
actionpack (6.0.3.2) lib/action_dispatch/middleware/callbacks.rb:27:in `block in call'
activesupport (6.0.3.2) lib/active_support/callbacks.rb:101:in `run_callbacks'
actionpack (6.0.3.2) lib/action_dispatch/middleware/callbacks.rb:26:in `call'
actionpack (6.0.3.2) lib/action_dispatch/middleware/executor.rb:14:in `call'
actionpack (6.0.3.2) lib/action_dispatch/middleware/actionable_exceptions.rb:17:in `call'
actionpack (6.0.3.2) lib/action_dispatch/middleware/debug_exceptions.rb:32:in `call'
web-console (4.0.3) lib/web_console/middleware.rb:132:in `call_app'
web-console (4.0.3) lib/web_console/middleware.rb:28:in `block in call'
web-console (4.0.3) lib/web_console/middleware.rb:17:in `catch'
web-console (4.0.3) lib/web_console/middleware.rb:17:in `call'
actionpack (6.0.3.2) lib/action_dispatch/middleware/show_exceptions.rb:33:in `call'
railties (6.0.3.2) lib/rails/rack/logger.rb:37:in `call_app'
railties (6.0.3.2) lib/rails/rack/logger.rb:26:in `block in call'
activesupport (6.0.3.2) lib/active_support/tagged_logging.rb:80:in `block in tagged'
activesupport (6.0.3.2) lib/active_support/tagged_logging.rb:28:in `tagged'
activesupport (6.0.3.2) lib/active_support/tagged_logging.rb:80:in `tagged'
railties (6.0.3.2) lib/rails/rack/logger.rb:26:in `call'
sprockets-rails (3.2.1) lib/sprockets/rails/quiet_assets.rb:13:in `call'
actionpack (6.0.3.2) lib/action_dispatch/middleware/remote_ip.rb:81:in `call'
actionpack (6.0.3.2) lib/action_dispatch/middleware/request_id.rb:27:in `call'
rack (2.2.3) lib/rack/method_override.rb:24:in `call'
rack (2.2.3) lib/rack/runtime.rb:22:in `call'
activesupport (6.0.3.2) lib/active_support/cache/strategy/local_cache_middleware.rb:29:in `call'
actionpack (6.0.3.2) lib/action_dispatch/middleware/executor.rb:14:in `call'
actionpack (6.0.3.2) lib/action_dispatch/middleware/static.rb:126:in `call'
rack (2.2.3) lib/rack/sendfile.rb:110:in `call'
actionpack (6.0.3.2) lib/action_dispatch/middleware/host_authorization.rb:82:in `call'
webpacker (4.2.2) lib/webpacker/dev_server_proxy.rb:23:in `perform_request'
rack-proxy (0.6.5) lib/rack/proxy.rb:57:in `call'
railties (6.0.3.2) lib/rails/engine.rb:527:in `call'
puma (4.3.5) lib/puma/configuration.rb:228:in `call'
puma (4.3.5) lib/puma/server.rb:713:in `handle_request'
puma (4.3.5) lib/puma/server.rb:472:in `process_client'
puma (4.3.5) lib/puma/server.rb:328:in `block in run'
puma (4.3.5) lib/puma/thread_pool.rb:134:in `block in spawn_thread'
Started GET "/" for ::1 at 2020-07-12 14:37:32 +0300
  [1m[35m (0.1ms)[0m  [1m[34mSELECT sqlite_version(*)[0m
Processing by ApplicationController#hello as HTML
  Rendering text template
  Rendered text template (Duration: 0.0ms | Allocations: 1)
Completed 200 OK in 2ms (Views: 1.1ms | ActiveRecord: 0.0ms | Allocations: 471)


Started GET "/" for ::1 at 2020-07-12 14:39:19 +0300
  [1m[35m (0.1ms)[0m  [1m[34mSELECT sqlite_version(*)[0m
  
NameError (undefined local variable or method `with' for ApplicationController:Class):
  
app/controllers/application_controller.rb:4:in `<class:ApplicationController>'
app/controllers/application_controller.rb:3:in `<top (required)>'
Started GET "/" for ::1 at 2020-07-12 14:39:44 +0300
Started GET "/" for ::1 at 2020-07-12 14:39:52 +0300
  [1m[35m (0.1ms)[0m  [1m[34mSELECT sqlite_version(*)[0m
  [1m[35m (0.1ms)[0m  [1m[34mSELECT sqlite_version(*)[0m
  
SyntaxError (C:/Sites/workspace/app/controllers/application_controller.rb:8: syntax error, unexpected `end', expecting end-of-input):
  
app/controllers/application_controller.rb:8: syntax error, unexpected `end', expecting end-of-input
app/controllers/application_controller.rb:8: syntax error, unexpected `end', expecting end-of-input
app/controllers/application_controller.rb:8: syntax error, unexpected `end', expecting end-of-input
  
SyntaxError (C:/Sites/workspace/app/controllers/application_controller.rb:8: syntax error, unexpected `end', expecting end-of-input):
  
app/controllers/application_controller.rb:8: syntax error, unexpected `end', expecting end-of-input
app/controllers/application_controller.rb:8: syntax error, unexpected `end', expecting end-of-input
app/controllers/application_controller.rb:8: syntax error, unexpected `end', expecting end-of-input
Started GET "/" for ::1 at 2020-07-12 14:39:59 +0300
Started GET "/" for ::1 at 2020-07-12 14:40:12 +0300
Started GET "/" for ::1 at 2020-07-12 14:40:37 +0300
  [1m[35m (0.1ms)[0m  [1m[34mSELECT sqlite_version(*)[0m
  [1m[35m (0.1ms)[0m  [1m[34mSELECT sqlite_version(*)[0m
  [1m[35m (0.1ms)[0m  [1m[34mSELECT sqlite_version(*)[0m
Processing by ApplicationController#hello as HTML
  Rendering text template
  Rendered text template (Duration: 0.0ms | Allocations: 1)
Completed 200 OK in 1ms (Views: 1.0ms | ActiveRecord: 0.0ms | Allocations: 472)


Processing by ApplicationController#hello as HTML
Processing by ApplicationController#hello as HTML
  Rendering text template
  Rendered text template (Duration: 0.0ms | Allocations: 1)
Completed 200 OK in 1ms (Views: 0.5ms | ActiveRecord: 0.0ms | Allocations: 280)


  Rendering text template
  Rendered text template (Duration: 0.0ms | Allocations: 1)
Completed 200 OK in 2ms (Views: 2.0ms | ActiveRecord: 0.0ms | Allocations: 1086)


Started GET "/" for ::1 at 2020-07-12 14:40:37 +0300
Processing by ApplicationController#hello as HTML
  Rendering text template
  Rendered text template (Duration: 0.0ms | Allocations: 1)
Completed 200 OK in 1ms (Views: 0.7ms | ActiveRecord: 0.0ms | Allocations: 279)


Started GET "/" for ::1 at 2020-07-12 14:40:38 +0300
Processing by ApplicationController#hello as HTML
  Rendering text template
  Rendered text template (Duration: 0.0ms | Allocations: 1)
Completed 200 OK in 2ms (Views: 1.2ms | ActiveRecord: 0.0ms | Allocations: 279)


Started GET "/" for ::1 at 2020-07-12 14:40:42 +0300
Started GET "/" for ::1 at 2020-07-12 14:41:13 +0300
  [1m[35m (0.1ms)[0m  [1m[34mSELECT sqlite_version(*)[0m
  [1m[35m (0.0ms)[0m  [1m[34mSELECT sqlite_version(*)[0m
Processing by ApplicationController#hello as HTML
  Rendering text template
  Rendered text template (Duration: 0.0ms | Allocations: 1)
Completed 200 OK in 1ms (Views: 0.8ms | ActiveRecord: 0.0ms | Allocations: 472)


Processing by ApplicationController#hello as HTML
  Rendering text template
  Rendered text template (Duration: 0.0ms | Allocations: 1)
Completed 200 OK in 1ms (Views: 0.8ms | ActiveRecord: 0.0ms | Allocations: 398)


Started GET "/" for ::1 at 2020-07-12 14:41:13 +0300
Started GET "/" for ::1 at 2020-07-12 14:41:13 +0300
Processing by ApplicationController#hello as HTML
  Rendering text template
  Rendered text template (Duration: 0.0ms | Allocations: 1)
Completed 200 OK in 1ms (Views: 0.5ms | ActiveRecord: 0.0ms | Allocations: 283)


Processing by ApplicationController#hello as HTML
  Rendering text template
  Rendered text template (Duration: 0.0ms | Allocations: 1)
Completed 200 OK in 1ms (Views: 0.4ms | ActiveRecord: 0.0ms | Allocations: 279)


